<?xml version="1.0" encoding="UTF-8"?>
<testsuite name="com.example.Selenium_Idea.WandaVisionIMDBTest" tests="1" skipped="0" failures="0" errors="0" timestamp="2021-02-03T16:07:44" hostname="ubuntu" time="20.872">
  <properties/>
  <testcase name="wandaVisionIMDB()" classname="com.example.Selenium_Idea.WandaVisionIMDBTest" time="20.872"/>
  <system-out><![CDATA[]]></system-out>
  <system-err><![CDATA[[Test worker] INFO com.codeborne.selenide.impl.WebDriverThreadLocalContainer - Webdriver has been closed meanwhile. Let's re-create it.
[Test worker] INFO com.codeborne.selenide.drivercommands.CloseDriverCommand - Close webdriver: 11 -> FirefoxDriver: firefox on LINUX (null)...
[Test worker] INFO com.codeborne.selenide.drivercommands.CloseDriverCommand - Closed webdriver 11 in 0 ms
[Test worker] INFO com.codeborne.selenide.impl.FileHelper - Creating folder: /home/viewadmin/gitlab/hello-robobar/build/downloads/1612368464775_92009_11
[Test worker] INFO com.codeborne.selenide.webdriver.AbstractDriverFactory - Write webdriver logs to: /home/viewadmin/gitlab/hello-robobar/build/reports/tests/webdriver.1612368464778_92009_11.log
Feb 03, 2021 5:07:48 PM org.openqa.selenium.remote.ProtocolHandshake createSession
INFO: Detected dialect: W3C
[Test worker] INFO com.codeborne.selenide.webdriver.WebDriverFactory - BrowserName=firefox Version=84.0.2 Platform=LINUX
[Test worker] INFO com.codeborne.selenide.webdriver.WebDriverFactory - Selenide v. 5.16.2
[Test worker] INFO com.codeborne.selenide.webdriver.WebDriverFactory - Selenium WebDriver v. 3.141.59 build time: 2018-11-14T08:17:03
[Test worker] INFO com.codeborne.selenide.drivercommands.CreateDriverCommand - Create webdriver in current thread 11: FirefoxDriver -> FirefoxDriver: firefox on LINUX (cf1166f3-610b-40ed-98eb-465bf502bbcd)
]]></system-err>
</testsuite>
