<?xml version="1.0" encoding="UTF-8"?>
<testsuite name="com.example.Selenium_Idea.RoboTest" tests="1" skipped="0" failures="0" errors="0" timestamp="2021-02-05T10:31:12" hostname="ubuntu" time="23.606">
  <properties/>
  <testcase name="RoboTest()" classname="com.example.Selenium_Idea.RoboTest" time="23.606"/>
  <system-out><![CDATA[]]></system-out>
  <system-err><![CDATA[[Test worker] INFO com.codeborne.selenide.impl.WebDriverThreadLocalContainer - No webdriver is bound to current thread: 11 - let's create a new webdriver
Feb 05, 2021 11:31:21 AM org.openqa.selenium.remote.ProtocolHandshake createSession
INFO: Detected dialect: W3C
[Test worker] INFO com.codeborne.selenide.webdriver.WebDriverFactory - BrowserName=firefox Version=85.0 Platform=LINUX
[Test worker] INFO com.codeborne.selenide.webdriver.WebDriverFactory - Selenide v. 5.16.2
[Test worker] INFO com.codeborne.selenide.webdriver.WebDriverFactory - Selenium WebDriver v. 3.141.59 build time: 2018-11-14T08:17:03
[Test worker] INFO com.codeborne.selenide.drivercommands.CreateDriverCommand - Create webdriver in current thread 11: RemoteWebDriver -> RemoteWebDriver: firefox on LINUX (4a60c523-ce16-40af-92fb-3d1eb29a1398)
]]></system-err>
</testsuite>
