<?xml version="1.0" encoding="UTF-8"?>
<testsuite name="com.example.Selenium_Idea.RoboTest" tests="1" skipped="0" failures="0" errors="0" timestamp="2021-02-05T09:49:13" hostname="ubuntu" time="14.776">
  <properties/>
  <testcase name="RoboTest()" classname="com.example.Selenium_Idea.RoboTest" time="14.776"/>
  <system-out><![CDATA[]]></system-out>
  <system-err><![CDATA[Feb 05, 2021 10:49:20 AM org.openqa.selenium.remote.ProtocolHandshake createSession
INFO: Detected dialect: W3C
]]></system-err>
</testsuite>
